apptracngiem/app/build/intermediates/manifest_merge_blame_file/debug/manifest-merger-blame-debug-report.txt
1<?xml version="1.0" encoding="utf-8"?>
2<manifest xmlns:android="http://schemas.android.com/apk/res/android"
3    package="tktsp.example.a17dtha2_aptracnghiem"
4    android:versionCode="1"
5    android:versionName="1.0" >
6
7    <uses-sdk
8        android:minSdkVersion="16"
8-->src\main\AndroidManifest.xml
9        android:targetSdkVersion="30" />
9-->src\main\AndroidManifest.xml
10
11    <uses-permission android:name="android.permission.INTERNET" />
11-->src\main\AndroidManifest.xml:5:5-67
11-->src\main\AndroidManifest.xml:5:22-64
12    <uses-permission android:name="android.permission.VIBRATE" />
12-->src\main\AndroidManifest.xml:6:5-65
12-->src\main\AndroidManifest.xml:6:22-63
13
14    <application
14-->src\main\AndroidManifest.xml:8:5-68:19
15        android:allowBackup="true"
15-->src\main\AndroidManifest.xml:9:9-35
16        android:appComponentFactory="androidx.core.app.CoreComponentFactory"
16-->[androidx.core:core:1.3.1] AndroidManifest.xml:24:18-86
17        android:debuggable="true"
18        android:icon="@mipmap/ic_launcher"
18-->src\main\AndroidManifest.xml:10:9-43
19        android:label="@string/app_name"
19-->src\main\AndroidManifest.xml:11:9-41
20        android:roundIcon="@mipmap/ic_launcher_round"
20-->src\main\AndroidManifest.xml:12:9-54
21        android:supportsRtl="true"
21-->src\main\AndroidManifest.xml:13:9-35
22        android:testOnly="true"
23        android:theme="@style/Theme.17dtha2_aptracnghiem" >
23-->src\main\AndroidManifest.xml:14:9-58
24        <activity android:name="tktsp.example.a17dtha2_aptracnghiem.KetQuaActivity" >
24-->src\main\AndroidManifest.xml:15:9-17:20
24-->src\main\AndroidManifest.xml:15:19-49
25        </activity>
26        <activity android:name="tktsp.example.a17dtha2_aptracnghiem.TEST" />
26-->src\main\AndroidManifest.xml:18:9-51
26-->src\main\AndroidManifest.xml:18:19-39
27        <activity android:name="tktsp.example.a17dtha2_aptracnghiem.QuizActivity" />
27-->src\main\AndroidManifest.xml:19:9-50
27-->src\main\AndroidManifest.xml:19:19-47
28        <activity android:name="tktsp.example.a17dtha2_aptracnghiem.processbar_quiz" />
28-->src\main\AndroidManifest.xml:20:9-53
28-->src\main\AndroidManifest.xml:20:19-50
29        <activity android:name="tktsp.example.a17dtha2_aptracnghiem.readyQuiz" />
29-->src\main\AndroidManifest.xml:21:9-47
29-->src\main\AndroidManifest.xml:21:19-44
30        <activity android:name="tktsp.example.a17dtha2_aptracnghiem.detailTracNghiemVan" />
30-->src\main\AndroidManifest.xml:22:9-57
30-->src\main\AndroidManifest.xml:22:19-54
31        <activity android:name="tktsp.example.a17dtha2_aptracnghiem.listTracNghiemVan" />
31-->src\main\AndroidManifest.xml:23:9-55
31-->src\main\AndroidManifest.xml:23:19-52
32        <activity android:name="tktsp.example.a17dtha2_aptracnghiem.detailTracNghiemToan" />
32-->src\main\AndroidManifest.xml:24:9-58
32-->src\main\AndroidManifest.xml:24:19-55
33        <activity android:name="tktsp.example.a17dtha2_aptracnghiem.listTracNghiemToan" />
33-->src\main\AndroidManifest.xml:25:9-56
33-->src\main\AndroidManifest.xml:25:19-53
34        <activity android:name="tktsp.example.a17dtha2_aptracnghiem.addQuestionVan" />
34-->src\main\AndroidManifest.xml:26:9-52
34-->src\main\AndroidManifest.xml:26:19-49
35        <activity android:name="tktsp.example.a17dtha2_aptracnghiem.addQuestionToan" />
35-->src\main\AndroidManifest.xml:27:9-53
35-->src\main\AndroidManifest.xml:27:19-50
36        <activity android:name="tktsp.example.a17dtha2_aptracnghiem.quanlyTracNghiem" />
36-->src\main\AndroidManifest.xml:28:9-54
36-->src\main\AndroidManifest.xml:28:19-51
37        <activity android:name="tktsp.example.a17dtha2_aptracnghiem.processbar_Activity" />
37-->src\main\AndroidManifest.xml:29:9-57
37-->src\main\AndroidManifest.xml:29:19-54
38        <activity android:name="tktsp.example.a17dtha2_aptracnghiem.bottomNavigation" />
38-->src\main\AndroidManifest.xml:30:9-54
38-->src\main\AndroidManifest.xml:30:19-51
39        <activity android:name="tktsp.example.a17dtha2_aptracnghiem.listUser" />
39-->src\main\AndroidManifest.xml:31:9-46
39-->src\main\AndroidManifest.xml:31:19-43
40        <activity android:name="tktsp.example.a17dtha2_aptracnghiem.registerUser" />
40-->src\main\AndroidManifest.xml:32:9-50
40-->src\main\AndroidManifest.xml:32:19-47
41        <activity android:name="tktsp.example.a17dtha2_aptracnghiem.MainActivity" />
41-->src\main\AndroidManifest.xml:33:9-50
41-->src\main\AndroidManifest.xml:33:19-47
42        <activity
42-->src\main\AndroidManifest.xml:34:9-41:20
43            android:name="tktsp.example.a17dtha2_aptracnghiem.SplashScreen"
43-->src\main\AndroidManifest.xml:35:13-41
44            android:theme="@style/Theme.AppCompat.NoActionBar" >
44-->src\main\AndroidManifest.xml:36:13-63
45            <intent-filter>
45-->src\main\AndroidManifest.xml:37:13-40:29
46                <action android:name="android.intent.action.MAIN" />
46-->src\main\AndroidManifest.xml:38:17-69
46-->src\main\AndroidManifest.xml:38:25-66
47
48                <category android:name="android.intent.category.LAUNCHER" />
48-->src\main\AndroidManifest.xml:39:17-77
48-->src\main\AndroidManifest.xml:39:27-74
49            </intent-filter>
50        </activity>
51
52        <meta-data
52-->src\main\AndroidManifest.xml:43:9-45:55
53            android:name="com.facebook.sdk.ApplicationId"
53-->src\main\AndroidManifest.xml:44:13-58
54            android:value="@string/facebook_app_id" />
54-->src\main\AndroidManifest.xml:45:13-52
55
56        <activity
56-->src\main\AndroidManifest.xml:47:9-50:48
57            android:name="com.facebook.FacebookActivity"
57-->src\main\AndroidManifest.xml:48:13-57
58            android:configChanges="keyboard|keyboardHidden|screenLayout|screenSize|orientation"
58-->src\main\AndroidManifest.xml:49:13-96
59            android:label="@string/app_name"
59-->src\main\AndroidManifest.xml:50:13-45
60            android:theme="@style/com_facebook_activity_theme" />
60-->[com.facebook.android:facebook-common:5.11.0] AndroidManifest.xml:32:13-63
61        <activity
61-->src\main\AndroidManifest.xml:51:9-62:20
62            android:name="com.facebook.CustomTabActivity"
62-->src\main\AndroidManifest.xml:52:13-58
63            android:exported="true" >
63-->src\main\AndroidManifest.xml:53:13-36
64            <intent-filter>
64-->src\main\AndroidManifest.xml:54:13-61:29
65                <action android:name="android.intent.action.VIEW" />
65-->src\main\AndroidManifest.xml:55:17-69
65-->src\main\AndroidManifest.xml:55:25-66
66
67                <category android:name="android.intent.category.DEFAULT" />
67-->src\main\AndroidManifest.xml:57:17-76
67-->src\main\AndroidManifest.xml:57:27-73
68                <category android:name="android.intent.category.BROWSABLE" />
68-->src\main\AndroidManifest.xml:58:17-78
68-->src\main\AndroidManifest.xml:58:27-75
69
70                <data android:scheme="@string/fb_login_protocol_scheme" />
70-->src\main\AndroidManifest.xml:60:17-75
70-->src\main\AndroidManifest.xml:60:23-72
71            </intent-filter>
72        </activity>
73
74        <provider
74-->src\main\AndroidManifest.xml:64:9-67:39
75            android:name="com.facebook.FacebookContentProvider"
75-->src\main\AndroidManifest.xml:65:13-64
76            android:authorities="com.facebook.app.FacebookContentProvider833245624196866"
76-->src\main\AndroidManifest.xml:66:13-90
77            android:exported="true" />
77-->src\main\AndroidManifest.xml:67:13-36
78
79        <activity android:name="com.facebook.CustomTabMainActivity" />
79-->[com.facebook.android:facebook-common:5.11.0] AndroidManifest.xml:33:9-71
79-->[com.facebook.android:facebook-common:5.11.0] AndroidManifest.xml:33:19-68
80        <!--
81         The initialization ContentProvider will call FacebookSdk.sdkInitialize automatically
82         with the application context. This config is merged in with the host app's manifest,
83         but there can only be one provider with the same authority activated at any given
84         point; so if the end user has two or more different apps that use Facebook SDK, only the
85         first one will be able to use the provider. To work around this problem, we use the
86         following placeholder in the authority to identify each host application as if it was
87         a completely different provider.
88        -->
89        <provider
89-->[com.facebook.android:facebook-core:5.11.0] AndroidManifest.xml:39:9-42:40
90            android:name="com.facebook.internal.FacebookInitProvider"
90-->[com.facebook.android:facebook-core:5.11.0] AndroidManifest.xml:40:13-70
91            android:authorities="tktsp.example.a17dtha2_aptracnghiem.FacebookInitProvider"
91-->[com.facebook.android:facebook-core:5.11.0] AndroidManifest.xml:41:13-72
92            android:exported="false" />
92-->[com.facebook.android:facebook-core:5.11.0] AndroidManifest.xml:42:13-37
93
94        <receiver
94-->[com.facebook.android:facebook-core:5.11.0] AndroidManifest.xml:44:9-50:20
95            android:name="com.facebook.CurrentAccessTokenExpirationBroadcastReceiver"
95-->[com.facebook.android:facebook-core:5.11.0] AndroidManifest.xml:45:13-86
96            android:exported="false" >
96-->[com.facebook.android:facebook-core:5.11.0] AndroidManifest.xml:46:13-37
97            <intent-filter>
97-->[com.facebook.android:facebook-core:5.11.0] AndroidManifest.xml:47:13-49:29
98                <action android:name="com.facebook.sdk.ACTION_CURRENT_ACCESS_TOKEN_CHANGED" />
98-->[com.facebook.android:facebook-core:5.11.0] AndroidManifest.xml:48:17-95
98-->[com.facebook.android:facebook-core:5.11.0] AndroidManifest.xml:48:25-92
99            </intent-filter>
100        </receiver>
101        <receiver
101-->[com.facebook.android:facebook-core:5.11.0] AndroidManifest.xml:51:9-58:20
102            android:name="com.facebook.CampaignTrackingReceiver"
102-->[com.facebook.android:facebook-core:5.11.0] AndroidManifest.xml:52:13-65
103            android:exported="true"
103-->[com.facebook.android:facebook-core:5.11.0] AndroidManifest.xml:53:13-36
104            android:permission="android.permission.INSTALL_PACKAGES" >
104-->[com.facebook.android:facebook-core:5.11.0] AndroidManifest.xml:54:13-69
105            <intent-filter>
105-->[com.facebook.android:facebook-core:5.11.0] AndroidManifest.xml:55:13-57:29
106                <action android:name="com.android.vending.INSTALL_REFERRER" />
106-->[com.facebook.android:facebook-core:5.11.0] AndroidManifest.xml:56:17-79
106-->[com.facebook.android:facebook-core:5.11.0] AndroidManifest.xml:56:25-76
107            </intent-filter>
108        </receiver>
109    </application>
110
111</manifest>